0 info it worked if it ends with ok
1 verbose cli [ '/usr/local/bin/iojs', '/usr/local/bin/npm', 'run', 'copy' ]
2 info using npm@2.13.2
3 info using node@v2.5.0
4 verbose run-script [ 'precopy', 'copy', 'postcopy' ]
5 info precopy swagger-1.2-schema@1.0.0
6 info copy swagger-1.2-schema@1.0.0
7 verbose unsafe-perm in lifecycle true
8 info swagger-1.2-schema@1.0.0 Failed to exec copy script
9 verbose stack Error: swagger-1.2-schema@1.0.0 copy: `find node_modules/swagger-schema-official/ ! -name package.json -exec cp -t . {} +`
9 verbose stack Exit status 64
9 verbose stack     at EventEmitter.<anonymous> (/usr/local/lib/node_modules/npm/lib/utils/lifecycle.js:214:16)
9 verbose stack     at emitTwo (events.js:87:13)
9 verbose stack     at EventEmitter.emit (events.js:172:7)
9 verbose stack     at ChildProcess.<anonymous> (/usr/local/lib/node_modules/npm/lib/utils/spawn.js:24:14)
9 verbose stack     at emitTwo (events.js:87:13)
9 verbose stack     at ChildProcess.emit (events.js:172:7)
9 verbose stack     at maybeClose (internal/child_process.js:764:16)
9 verbose stack     at Process.ChildProcess._handle.onexit (internal/child_process.js:211:5)
10 verbose pkgid swagger-1.2-schema@1.0.0
11 verbose cwd /Users/mohsen/Google Drive/Projects/swagger-1.2-schema
12 error Darwin 14.4.0
13 error argv "/usr/local/bin/iojs" "/usr/local/bin/npm" "run" "copy"
14 error node v2.5.0
15 error npm  v2.13.2
16 error code ELIFECYCLE
17 error swagger-1.2-schema@1.0.0 copy: `find node_modules/swagger-schema-official/ ! -name package.json -exec cp -t . {} +`
17 error Exit status 64
18 error Failed at the swagger-1.2-schema@1.0.0 copy script 'find node_modules/swagger-schema-official/ ! -name package.json -exec cp -t . {} +'.
18 error This is most likely a problem with the swagger-1.2-schema package,
18 error not with npm itself.
18 error Tell the author that this fails on your system:
18 error     find node_modules/swagger-schema-official/ ! -name package.json -exec cp -t . {} +
18 error You can get their info via:
18 error     npm owner ls swagger-1.2-schema
18 error There is likely additional logging output above.
19 verbose exit [ 1, true ]
